Arguments: 
  C:\Program Files\nodejs\node.exe C:\Program Files (x86)\Yarn\bin\yarn.js add -D @types/three

PATH: 
  C:\Python310\Scripts\;C:\Python310\;C:\Windows\system32;C:\Windows;C:\Windows\System32\Wbem;C:\Windows\System32\WindowsPowerShell\v1.0\;C:\Windows\System32\OpenSSH\;C:\Program Files\Microsoft VS Code\bin;C:\ProgramData\chocolatey\bin;C:\Program Files (x86)\Yarn\bin\;C:\Program Files\PuTTY\;C:\Program Files\dotnet\;Git\cmd;%NVM_HOME%;%NVM_SYMLINK%;C:\Users\force\ether\Git\cmd;C:\Users\force\AppData\Local\Microsoft\WindowsApps;C:\Users\force\AppData\Local\GitHubDesktop\bin;C:\Users\force\AppData\Roaming\npm;C:\Users\force\.fly\bin;C:\Users\force\AppData\Local\Yarn\bin;C:\Users\force\AppData\Roaming\nvm;C:\Program Files\nodejs

Yarn version: 
  1.23.0-20200615.1913

Node version: 
  16.14.2

Platform: 
  win32 x64

Trace: 
  Error: EPERM: operation not permitted, unlink 'C:\Users\force\Documents\GitHub\plasmic-jss-app\mainpage-agency\node_modules\@next\swc-win32-x64-msvc\next-swc.win32-x64-msvc.node'

npm manifest: 
  {
    "name": "mainpage-agency",
    "version": "0.1.0",
    "private": true,
    "scripts": {
      "dev": "next dev",
      "build": "next build",
      "start": "next start",
      "lint": "next lint"
    },
    "dependencies": {
      "@next/font": "13.1.1",
      "@plasmicapp/loader-nextjs": "^1.0.212",
      "@types/node": "18.11.18",
      "@types/react": "18.0.26",
      "@types/react-dom": "18.0.10",
      "eslint": "8.31.0",
      "eslint-config-next": "13.1.1",
      "next": "13.1.1",
      "react": "18.2.0",
      "react-dom": "18.2.0",
      "typescript": "4.9.4"
    }
  }

yarn manifest: 
  No manifest

Lockfile: 
  No lockfile
